2018-07-18 09:46:21 trace :
------------
String:
<xml><ToUserName><![CDATA[gh_fccda4240d6c]]></ToUserName>
<FromUserName><![CDATA[oyIW_0qWsTIGYAlPTOSZX0S7xyWE]]></FromUserName>
<CreateTime>1531878381</CreateTime>
<MsgType><![CDATA[event]]></MsgType>
<Event><![CDATA[VIEW]]></Event>
<EventKey><![CDATA[http://www.qthxxkj.com/app/index.php?i=2&c=entry&eid=1]]></EventKey>
<MenuId>416966565</MenuId>
</xml>

2018-07-18 09:46:21 params :
------------
String:
array (
  'rule' => -2,
  'module' => '',
  'message' => 
  array (
    'tousername' => 'gh_fccda4240d6c',
    'fromusername' => 'oyIW_0qWsTIGYAlPTOSZX0S7xyWE',
    'createtime' => '1531878381',
    'msgtype' => 'event',
    'event' => 'VIEW',
    'eventkey' => 'http://www.qthxxkj.com/app/index.php?i=2&c=entry&eid=1',
    'menuid' => '416966565',
    'from' => 'oyIW_0qWsTIGYAlPTOSZX0S7xyWE',
    'to' => 'gh_fccda4240d6c',
    'time' => '1531878381',
    'type' => 'text',
    'content' => 'http://www.qthxxkj.com/app/index.php?i=2&c=entry&eid=1',
    'redirection' => true,
    'source' => 'VIEW',
  ),
)

2018-07-18 09:46:21 response :
------------

2018-07-18 10:20:09 trace :
------------
String:
<xml><ToUserName><![CDATA[gh_fccda4240d6c]]></ToUserName>
<FromUserName><![CDATA[oyIW_0qWsTIGYAlPTOSZX0S7xyWE]]></FromUserName>
<CreateTime>1531880409</CreateTime>
<MsgType><![CDATA[event]]></MsgType>
<Event><![CDATA[VIEW]]></Event>
<EventKey><![CDATA[http://www.qthxxkj.com/app/index.php?i=2&c=entry&m=we7_coupon&do=activity&op=mine]]></EventKey>
<MenuId>416966565</MenuId>
</xml>

2018-07-18 10:20:09 params :
------------
String:
array (
  'rule' => -2,
  'module' => '',
  'message' => 
  array (
    'tousername' => 'gh_fccda4240d6c',
    'fromusername' => 'oyIW_0qWsTIGYAlPTOSZX0S7xyWE',
    'createtime' => '1531880409',
    'msgtype' => 'event',
    'event' => 'VIEW',
    'eventkey' => 'http://www.qthxxkj.com/app/index.php?i=2&c=entry&m=we7_coupon&do=activity&op=mine',
    'menuid' => '416966565',
    'from' => 'oyIW_0qWsTIGYAlPTOSZX0S7xyWE',
    'to' => 'gh_fccda4240d6c',
    'time' => '1531880409',
    'type' => 'text',
    'content' => 'http://www.qthxxkj.com/app/index.php?i=2&c=entry&m=we7_coupon&do=activity&op=mine',
    'redirection' => true,
    'source' => 'VIEW',
  ),
)

2018-07-18 10:20:09 response :
------------

2018-07-18 10:20:15 trace :
------------
String:
<xml><ToUserName><![CDATA[gh_fccda4240d6c]]></ToUserName>
<FromUserName><![CDATA[oyIW_0qWsTIGYAlPTOSZX0S7xyWE]]></FromUserName>
<CreateTime>1531880415</CreateTime>
<MsgType><![CDATA[event]]></MsgType>
<Event><![CDATA[VIEW]]></Event>
<EventKey><![CDATA[http://www.qthxxkj.com/app/index.php?i=2&c=entry&eid=1]]></EventKey>
<MenuId>416966565</MenuId>
</xml>

2018-07-18 10:20:15 params :
------------
String:
array (
  'rule' => -2,
  'module' => '',
  'message' => 
  array (
    'tousername' => 'gh_fccda4240d6c',
    'fromusername' => 'oyIW_0qWsTIGYAlPTOSZX0S7xyWE',
    'createtime' => '1531880415',
    'msgtype' => 'event',
    'event' => 'VIEW',
    'eventkey' => 'http://www.qthxxkj.com/app/index.php?i=2&c=entry&eid=1',
    'menuid' => '416966565',
    'from' => 'oyIW_0qWsTIGYAlPTOSZX0S7xyWE',
    'to' => 'gh_fccda4240d6c',
    'time' => '1531880415',
    'type' => 'text',
    'content' => 'http://www.qthxxkj.com/app/index.php?i=2&c=entry&eid=1',
    'redirection' => true,
    'source' => 'VIEW',
  ),
)

2018-07-18 10:20:15 response :
------------

2018-07-18 11:48:52 trace :
------------
String:
<xml><ToUserName><![CDATA[gh_fccda4240d6c]]></ToUserName>
<FromUserName><![CDATA[oyIW_0oLIMXiAVj3A7izb5HLhuDo]]></FromUserName>
<CreateTime>1531885732</CreateTime>
<MsgType><![CDATA[event]]></MsgType>
<Event><![CDATA[VIEW]]></Event>
<EventKey><![CDATA[http://www.qthxxkj.com/app/index.php?i=2&c=entry&eid=1]]></EventKey>
<MenuId>416966565</MenuId>
</xml>

2018-07-18 11:48:52 params :
------------
String:
array (
  'rule' => -2,
  'module' => '',
  'message' => 
  array (
    'tousername' => 'gh_fccda4240d6c',
    'fromusername' => 'oyIW_0oLIMXiAVj3A7izb5HLhuDo',
    'createtime' => '1531885732',
    'msgtype' => 'event',
    'event' => 'VIEW',
    'eventkey' => 'http://www.qthxxkj.com/app/index.php?i=2&c=entry&eid=1',
    'menuid' => '416966565',
    'from' => 'oyIW_0oLIMXiAVj3A7izb5HLhuDo',
    'to' => 'gh_fccda4240d6c',
    'time' => '1531885732',
    'type' => 'text',
    'content' => 'http://www.qthxxkj.com/app/index.php?i=2&c=entry&eid=1',
    'redirection' => true,
    'source' => 'VIEW',
  ),
)

2018-07-18 11:48:52 response :
------------

2018-07-18 11:49:42 trace :
------------
String:
<xml><ToUserName><![CDATA[gh_fccda4240d6c]]></ToUserName>
<FromUserName><![CDATA[oyIW_0oLIMXiAVj3A7izb5HLhuDo]]></FromUserName>
<CreateTime>1531885782</CreateTime>
<MsgType><![CDATA[event]]></MsgType>
<Event><![CDATA[VIEW]]></Event>
<EventKey><![CDATA[http://www.qthxxkj.com/app/index.php?i=2&c=entry&eid=1]]></EventKey>
<MenuId>416966565</MenuId>
</xml>

2018-07-18 11:49:42 params :
------------
String:
array (
  'rule' => -2,
  'module' => '',
  'message' => 
  array (
    'tousername' => 'gh_fccda4240d6c',
    'fromusername' => 'oyIW_0oLIMXiAVj3A7izb5HLhuDo',
    'createtime' => '1531885782',
    'msgtype' => 'event',
    'event' => 'VIEW',
    'eventkey' => 'http://www.qthxxkj.com/app/index.php?i=2&c=entry&eid=1',
    'menuid' => '416966565',
    'from' => 'oyIW_0oLIMXiAVj3A7izb5HLhuDo',
    'to' => 'gh_fccda4240d6c',
    'time' => '1531885782',
    'type' => 'text',
    'content' => 'http://www.qthxxkj.com/app/index.php?i=2&c=entry&eid=1',
    'redirection' => true,
    'source' => 'VIEW',
  ),
)

2018-07-18 11:49:42 response :
------------

2018-07-18 11:51:31 trace :
------------
String:
<xml><ToUserName><![CDATA[gh_fccda4240d6c]]></ToUserName>
<FromUserName><![CDATA[oyIW_0oLIMXiAVj3A7izb5HLhuDo]]></FromUserName>
<CreateTime>1531885891</CreateTime>
<MsgType><![CDATA[event]]></MsgType>
<Event><![CDATA[VIEW]]></Event>
<EventKey><![CDATA[http://www.qthxxkj.com/app/index.php?i=2&c=entry&m=we7_coupon&do=activity&op=mine]]></EventKey>
<MenuId>416966565</MenuId>
</xml>

2018-07-18 11:51:31 params :
------------
String:
array (
  'rule' => -2,
  'module' => '',
  'message' => 
  array (
    'tousername' => 'gh_fccda4240d6c',
    'fromusername' => 'oyIW_0oLIMXiAVj3A7izb5HLhuDo',
    'createtime' => '1531885891',
    'msgtype' => 'event',
    'event' => 'VIEW',
    'eventkey' => 'http://www.qthxxkj.com/app/index.php?i=2&c=entry&m=we7_coupon&do=activity&op=mine',
    'menuid' => '416966565',
    'from' => 'oyIW_0oLIMXiAVj3A7izb5HLhuDo',
    'to' => 'gh_fccda4240d6c',
    'time' => '1531885891',
    'type' => 'text',
    'content' => 'http://www.qthxxkj.com/app/index.php?i=2&c=entry&m=we7_coupon&do=activity&op=mine',
    'redirection' => true,
    'source' => 'VIEW',
  ),
)

2018-07-18 11:51:31 response :
------------

2018-07-18 11:51:34 trace :
------------
String:
<xml><ToUserName><![CDATA[gh_fccda4240d6c]]></ToUserName>
<FromUserName><![CDATA[oyIW_0oLIMXiAVj3A7izb5HLhuDo]]></FromUserName>
<CreateTime>1531885894</CreateTime>
<MsgType><![CDATA[event]]></MsgType>
<Event><![CDATA[VIEW]]></Event>
<EventKey><![CDATA[http://www.qthxxkj.com/app/index.php?i=2&c=entry&eid=1]]></EventKey>
<MenuId>416966565</MenuId>
</xml>

2018-07-18 11:51:34 params :
------------
String:
array (
  'rule' => -2,
  'module' => '',
  'message' => 
  array (
    'tousername' => 'gh_fccda4240d6c',
    'fromusername' => 'oyIW_0oLIMXiAVj3A7izb5HLhuDo',
    'createtime' => '1531885894',
    'msgtype' => 'event',
    'event' => 'VIEW',
    'eventkey' => 'http://www.qthxxkj.com/app/index.php?i=2&c=entry&eid=1',
    'menuid' => '416966565',
    'from' => 'oyIW_0oLIMXiAVj3A7izb5HLhuDo',
    'to' => 'gh_fccda4240d6c',
    'time' => '1531885894',
    'type' => 'text',
    'content' => 'http://www.qthxxkj.com/app/index.php?i=2&c=entry&eid=1',
    'redirection' => true,
    'source' => 'VIEW',
  ),
)

2018-07-18 11:51:34 response :
------------

